0 info it worked if it ends with ok
1 verbose cli [ 'C:\\Program Files\\nodejs\\node.exe',
1 verbose cli   'C:\\Program Files\\nodejs\\node_modules\\npm\\bin\\npm-cli.js',
1 verbose cli   'install',
1 verbose cli   '-g' ]
2 info using npm@3.10.10
3 info using node@v6.9.4
4 silly loadCurrentTree Starting
5 silly install loadCurrentTree
6 silly install readGlobalPackageData
7 silly fetchPackageMetaData .
8 silly fetchDirectoryPackageData .
9 silly fetchPackageMetaData Error: Failed to parse json
9 silly fetchPackageMetaData Unexpected token ':' at 1:6
9 silly fetchPackageMetaData "bin": {
9 silly fetchPackageMetaData      ^
9 silly fetchPackageMetaData     at parseError (C:\Program Files\nodejs\node_modules\npm\node_modules\read-package-json\read-json.js:390:11)
9 silly fetchPackageMetaData     at parseJson (C:\Program Files\nodejs\node_modules\npm\node_modules\read-package-json\read-json.js:79:23)
9 silly fetchPackageMetaData     at C:\Program Files\nodejs\node_modules\npm\node_modules\read-package-json\read-json.js:48:5
9 silly fetchPackageMetaData     at C:\Program Files\nodejs\node_modules\npm\node_modules\graceful-fs\graceful-fs.js:78:16
9 silly fetchPackageMetaData     at tryToString (fs.js:455:3)
9 silly fetchPackageMetaData     at FSReqWrap.readFileAfterClose [as oncomplete] (fs.js:442:12)
9 silly fetchPackageMetaData  error for . { Error: Failed to parse json
9 silly fetchPackageMetaData Unexpected token ':' at 1:6
9 silly fetchPackageMetaData "bin": {
9 silly fetchPackageMetaData      ^
9 silly fetchPackageMetaData     at parseError (C:\Program Files\nodejs\node_modules\npm\node_modules\read-package-json\read-json.js:390:11)
9 silly fetchPackageMetaData     at parseJson (C:\Program Files\nodejs\node_modules\npm\node_modules\read-package-json\read-json.js:79:23)
9 silly fetchPackageMetaData     at C:\Program Files\nodejs\node_modules\npm\node_modules\read-package-json\read-json.js:48:5
9 silly fetchPackageMetaData     at C:\Program Files\nodejs\node_modules\npm\node_modules\graceful-fs\graceful-fs.js:78:16
9 silly fetchPackageMetaData     at tryToString (fs.js:455:3)
9 silly fetchPackageMetaData     at FSReqWrap.readFileAfterClose [as oncomplete] (fs.js:442:12)
9 silly fetchPackageMetaData   code: 'EJSONPARSE',
9 silly fetchPackageMetaData   file: 'C:\\Users\\Xquire-hp\\Desktop\\ginit\\package.json' }
10 silly rollbackFailedOptional Starting
11 silly rollbackFailedOptional Finishing
12 silly runTopLevelLifecycles Finishing
13 silly install printInstalled
14 verbose stack Error: Failed to parse json
14 verbose stack Unexpected token ':' at 1:6
14 verbose stack "bin": {
14 verbose stack      ^
14 verbose stack     at parseError (C:\Program Files\nodejs\node_modules\npm\node_modules\read-package-json\read-json.js:390:11)
14 verbose stack     at parseJson (C:\Program Files\nodejs\node_modules\npm\node_modules\read-package-json\read-json.js:79:23)
14 verbose stack     at C:\Program Files\nodejs\node_modules\npm\node_modules\read-package-json\read-json.js:48:5
14 verbose stack     at C:\Program Files\nodejs\node_modules\npm\node_modules\graceful-fs\graceful-fs.js:78:16
14 verbose stack     at tryToString (fs.js:455:3)
14 verbose stack     at FSReqWrap.readFileAfterClose [as oncomplete] (fs.js:442:12)
15 verbose cwd C:\Users\Xquire-hp\Desktop\ginit
16 error Windows_NT 6.3.9600
17 error argv "C:\\Program Files\\nodejs\\node.exe" "C:\\Program Files\\nodejs\\node_modules\\npm\\bin\\npm-cli.js" "install" "-g"
18 error node v6.9.4
19 error npm  v3.10.10
20 error file C:\Users\Xquire-hp\Desktop\ginit\package.json
21 error code EJSONPARSE
22 error Failed to parse json
22 error Unexpected token ':' at 1:6
22 error "bin": {
22 error      ^
23 error File: C:\Users\Xquire-hp\Desktop\ginit\package.json
24 error Failed to parse package.json data.
24 error package.json must be actual JSON, not just JavaScript.
24 error
24 error This is not a bug in npm.
24 error Tell the package author to fix their package.json file. JSON.parse
25 verbose exit [ 1, true ]
